<?xml version="1.0" encoding="UTF-8"?>
<testsuite xmlns:xsi="http://www.w3.org/2001/XMLSchema-instance" xsi:noNamespaceSchemaLocation="https://maven.apache.org/surefire/maven-surefire-plugin/xsd/surefire-test-report.xsd" name="BagTest" time="0.275" tests="5" errors="0" skipped="0" failures="0">
  <properties>
    <property name="sun.desktop" value="windows"/>
    <property name="awt.toolkit" value="sun.awt.windows.WToolkit"/>
    <property name="java.specification.version" value="11"/>
    <property name="sun.cpu.isalist" value="amd64"/>
    <property name="sun.jnu.encoding" value="Cp1251"/>
    <property name="java.class.path" value="D:\Documents\Projects\lanitLab\target\test-classes;D:\Documents\Projects\lanitLab\target\classes;C:\Users\OverLord\.m2\repository\org\apache\maven\plugins\maven-jxr-plugin\3.0.0\maven-jxr-plugin-3.0.0.jar;C:\Users\OverLord\.m2\repository\org\apache\maven\maven-jxr\3.0.0\maven-jxr-3.0.0.jar;C:\Users\OverLord\.m2\repository\org\apache\velocity\velocity\1.5\velocity-1.5.jar;C:\Users\OverLord\.m2\repository\oro\oro\2.0.8\oro-2.0.8.jar;C:\Users\OverLord\.m2\repository\commons-lang\commons-lang\2.6\commons-lang-2.6.jar;C:\Users\OverLord\.m2\repository\org\apache\maven\maven-plugin-api\3.0\maven-plugin-api-3.0.jar;C:\Users\OverLord\.m2\repository\org\sonatype\sisu\sisu-inject-plexus\1.4.2\sisu-inject-plexus-1.4.2.jar;C:\Users\OverLord\.m2\repository\org\sonatype\sisu\sisu-inject-bean\1.4.2\sisu-inject-bean-1.4.2.jar;C:\Users\OverLord\.m2\repository\org\sonatype\sisu\sisu-guice\2.1.7\sisu-guice-2.1.7-noaop.jar;C:\Users\OverLord\.m2\repository\org\apache\maven\maven-artifact\3.0\maven-artifact-3.0.jar;C:\Users\OverLord\.m2\repository\org\apache\maven\maven-core\3.0\maven-core-3.0.jar;C:\Users\OverLord\.m2\repository\org\apache\maven\maven-settings-builder\3.0\maven-settings-builder-3.0.jar;C:\Users\OverLord\.m2\repository\org\apache\maven\maven-repository-metadata\3.0\maven-repository-metadata-3.0.jar;C:\Users\OverLord\.m2\repository\org\apache\maven\maven-model-builder\3.0\maven-model-builder-3.0.jar;C:\Users\OverLord\.m2\repository\org\apache\maven\maven-aether-provider\3.0\maven-aether-provider-3.0.jar;C:\Users\OverLord\.m2\repository\org\sonatype\aether\aether-impl\1.7\aether-impl-1.7.jar;C:\Users\OverLord\.m2\repository\org\sonatype\aether\aether-spi\1.7\aether-spi-1.7.jar;C:\Users\OverLord\.m2\repository\org\sonatype\aether\aether-api\1.7\aether-api-1.7.jar;C:\Users\OverLord\.m2\repository\org\sonatype\aether\aether-util\1.7\aether-util-1.7.jar;C:\Users\OverLord\.m2\repository\org\codehaus\plexus\plexus-interpolation\1.14\plexus-interpolation-1.14.jar;C:\Users\OverLord\.m2\repository\org\codehaus\plexus\plexus-classworlds\2.2.3\plexus-classworlds-2.2.3.jar;C:\Users\OverLord\.m2\repository\org\codehaus\plexus\plexus-component-annotations\1.5.5\plexus-component-annotations-1.5.5.jar;C:\Users\OverLord\.m2\repository\org\sonatype\plexus\plexus-sec-dispatcher\1.3\plexus-sec-dispatcher-1.3.jar;C:\Users\OverLord\.m2\repository\org\sonatype\plexus\plexus-cipher\1.4\plexus-cipher-1.4.jar;C:\Users\OverLord\.m2\repository\org\apache\maven\maven-model\3.0\maven-model-3.0.jar;C:\Users\OverLord\.m2\repository\org\apache\maven\reporting\maven-reporting-impl\3.0.0\maven-reporting-impl-3.0.0.jar;C:\Users\OverLord\.m2\repository\org\apache\maven\shared\maven-shared-utils\3.2.0\maven-shared-utils-3.2.0.jar;C:\Users\OverLord\.m2\repository\org\apache\maven\doxia\doxia-decoration-model\1.7.4\doxia-decoration-model-1.7.4.jar;C:\Users\OverLord\.m2\repository\org\apache\maven\doxia\doxia-core\1.7\doxia-core-1.7.jar;C:\Users\OverLord\.m2\repository\xmlunit\xmlunit\1.5\xmlunit-1.5.jar;C:\Users\OverLord\.m2\repository\org\apache\maven\wagon\wagon-provider-api\1.0\wagon-provider-api-1.0.jar;C:\Users\OverLord\.m2\repository\org\apache\maven\doxia\doxia-site-renderer\1.8\doxia-site-renderer-1.8.jar;C:\Users\OverLord\.m2\repository\org\apache\maven\doxia\doxia-logging-api\1.8\doxia-logging-api-1.8.jar;C:\Users\OverLord\.m2\repository\org\apache\maven\doxia\doxia-skin-model\1.8\doxia-skin-model-1.8.jar;C:\Users\OverLord\.m2\repository\org\apache\maven\doxia\doxia-module-xhtml\1.8\doxia-module-xhtml-1.8.jar;C:\Users\OverLord\.m2\repository\org\codehaus\plexus\plexus-i18n\1.0-beta-7\plexus-i18n-1.0-beta-7.jar;C:\Users\OverLord\.m2\repository\org\codehaus\plexus\plexus-container-default\1.0-alpha-30\plexus-container-default-1.0-alpha-30.jar;C:\Users\OverLord\.m2\repository\org\codehaus\plexus\plexus-velocity\1.2\plexus-velocity-1.2.jar;C:\Users\OverLord\.m2\repository\org\apache\velocity\velocity-tools\2.0\velocity-tools-2.0.jar;C:\Users\OverLord\.m2\repository\commons-beanutils\commons-beanutils\1.7.0\commons-beanutils-1.7.0.jar;C:\Users\OverLord\.m2\repository\commons-digester\commons-digester\1.8\commons-digester-1.8.jar;C:\Users\OverLord\.m2\repository\commons-chain\commons-chain\1.1\commons-chain-1.1.jar;C:\Users\OverLord\.m2\repository\commons-validator\commons-validator\1.3.1\commons-validator-1.3.1.jar;C:\Users\OverLord\.m2\repository\dom4j\dom4j\1.1\dom4j-1.1.jar;C:\Users\OverLord\.m2\repository\sslext\sslext\1.2-0\sslext-1.2-0.jar;C:\Users\OverLord\.m2\repository\org\apache\struts\struts-core\1.3.8\struts-core-1.3.8.jar;C:\Users\OverLord\.m2\repository\antlr\antlr\2.7.2\antlr-2.7.2.jar;C:\Users\OverLord\.m2\repository\org\apache\struts\struts-taglib\1.3.8\struts-taglib-1.3.8.jar;C:\Users\OverLord\.m2\repository\org\apache\struts\struts-tiles\1.3.8\struts-tiles-1.3.8.jar;C:\Users\OverLord\.m2\repository\commons-collections\commons-collections\3.2.1\commons-collections-3.2.1.jar;C:\Users\OverLord\.m2\repository\org\codehaus\plexus\plexus-java\0.9.8\plexus-java-0.9.8.jar;C:\Users\OverLord\.m2\repository\org\ow2\asm\asm\6.1.1\asm-6.1.1.jar;C:\Users\OverLord\.m2\repository\org\codehaus\plexus\plexus-utils\3.1.0\plexus-utils-3.1.0.jar;C:\Users\OverLord\.m2\repository\xml-apis\xml-apis\1.0.b2\xml-apis-1.0.b2.jar;C:\Users\OverLord\.m2\repository\xalan\xalan\2.7.0\xalan-2.7.0.jar;C:\Users\OverLord\.m2\repository\junit\junit\4.12\junit-4.12.jar;C:\Users\OverLord\.m2\repository\org\hamcrest\hamcrest-core\1.3\hamcrest-core-1.3.jar;C:\Users\OverLord\.m2\repository\io\qameta\allure\allure-junit4\2.9.0\allure-junit4-2.9.0.jar;C:\Users\OverLord\.m2\repository\io\qameta\allure\allure-java-commons\2.9.0\allure-java-commons-2.9.0.jar;C:\Users\OverLord\.m2\repository\io\qameta\allure\allure-model\2.9.0\allure-model-2.9.0.jar;C:\Users\OverLord\.m2\repository\com\fasterxml\jackson\core\jackson-databind\2.9.7\jackson-databind-2.9.7.jar;C:\Users\OverLord\.m2\repository\com\fasterxml\jackson\core\jackson-annotations\2.9.0\jackson-annotations-2.9.0.jar;C:\Users\OverLord\.m2\repository\com\fasterxml\jackson\core\jackson-core\2.9.7\jackson-core-2.9.7.jar;C:\Users\OverLord\.m2\repository\org\apache\tika\tika-core\1.19.1\tika-core-1.19.1.jar;C:\Users\OverLord\.m2\repository\org\aspectj\aspectjrt\1.9.1\aspectjrt-1.9.1.jar;C:\Users\OverLord\.m2\repository\org\jooq\joor-java-8\0.9.9\joor-java-8-0.9.9.jar;C:\Users\OverLord\.m2\repository\javax\xml\bind\jaxb-api\2.2.12\jaxb-api-2.2.12.jar;C:\Users\OverLord\.m2\repository\com\sun\xml\bind\jaxb-impl\2.4.0-b180830.0438\jaxb-impl-2.4.0-b180830.0438.jar;C:\Users\OverLord\.m2\repository\org\slf4j\slf4j-api\1.7.5\slf4j-api-1.7.5.jar;C:\Users\OverLord\.m2\repository\org\slf4j\slf4j-log4j12\1.7.5\slf4j-log4j12-1.7.5.jar;C:\Users\OverLord\.m2\repository\log4j\log4j\1.2.17\log4j-1.2.17.jar;C:\Users\OverLord\.m2\repository\org\apache\maven\plugins\maven-javadoc-plugin\3.1.1\maven-javadoc-plugin-3.1.1.jar;C:\Users\OverLord\.m2\repository\org\apache\maven\maven-settings\3.0\maven-settings-3.0.jar;C:\Users\OverLord\.m2\repository\org\apache\maven\reporting\maven-reporting-api\3.0\maven-reporting-api-3.0.jar;C:\Users\OverLord\.m2\repository\org\apache\maven\maven-archiver\3.2.0\maven-archiver-3.2.0.jar;C:\Users\OverLord\.m2\repository\org\apache\maven\shared\maven-invoker\3.0.0\maven-invoker-3.0.0.jar;C:\Users\OverLord\.m2\repository\org\apache\maven\shared\maven-common-artifact-filters\3.0.0\maven-common-artifact-filters-3.0.0.jar;C:\Users\OverLord\.m2\repository\org\apache\maven\shared\maven-artifact-transfer\0.10.1\maven-artifact-transfer-0.10.1.jar;C:\Users\OverLord\.m2\repository\commons-codec\commons-codec\1.11\commons-codec-1.11.jar;C:\Users\OverLord\.m2\repository\org\apache\maven\doxia\doxia-sink-api\1.7\doxia-sink-api-1.7.jar;C:\Users\OverLord\.m2\repository\org\apache\commons\commons-lang3\3.5\commons-lang3-3.5.jar;C:\Users\OverLord\.m2\repository\commons-io\commons-io\2.5\commons-io-2.5.jar;C:\Users\OverLord\.m2\repository\org\apache\httpcomponents\httpclient\4.5.8\httpclient-4.5.8.jar;C:\Users\OverLord\.m2\repository\org\apache\httpcomponents\httpcore\4.4.11\httpcore-4.4.11.jar;C:\Users\OverLord\.m2\repository\commons-logging\commons-logging\1.2\commons-logging-1.2.jar;C:\Users\OverLord\.m2\repository\com\thoughtworks\qdox\qdox\2.0-M10\qdox-2.0-M10.jar;C:\Users\OverLord\.m2\repository\org\codehaus\plexus\plexus-archiver\3.6.0\plexus-archiver-3.6.0.jar;C:\Users\OverLord\.m2\repository\org\apache\commons\commons-compress\1.16.1\commons-compress-1.16.1.jar;C:\Users\OverLord\.m2\repository\org\objenesis\objenesis\2.6\objenesis-2.6.jar;C:\Users\OverLord\.m2\repository\org\iq80\snappy\snappy\0.4\snappy-0.4.jar;C:\Users\OverLord\.m2\repository\org\tukaani\xz\1.8\xz-1.8.jar;C:\Users\OverLord\.m2\repository\org\codehaus\plexus\plexus-io\3.1.1\plexus-io-3.1.1.jar;C:\Users\OverLord\.m2\repository\org\codehaus\plexus\plexus-interactivity-api\1.0-alpha-6\plexus-interactivity-api-1.0-alpha-6.jar;"/>
    <property name="java.vm.vendor" value="Oracle Corporation"/>
    <property name="sun.arch.data.model" value="64"/>
    <property name="user.variant" value=""/>
    <property name="java.vendor.url" value="http://java.oracle.com/"/>
    <property name="user.timezone" value=""/>
    <property name="java.vm.specification.version" value="11"/>
    <property name="os.name" value="Windows 7"/>
    <property name="sun.java.launcher" value="SUN_STANDARD"/>
    <property name="user.country" value="RU"/>
    <property name="sun.boot.library.path" value="C:\Program Files\Java\jdk-11.0.2\bin"/>
    <property name="sun.java.command" value="C:\Users\OverLord\AppData\Local\Temp\surefire7189741419716679430\surefirebooter9757075785436991727.jar C:\Users\OverLord\AppData\Local\Temp\surefire7189741419716679430 2020-02-05T00-25-20_183-jvmRun1 surefire10284823939166753121tmp surefire_04299836592968777398tmp"/>
    <property name="jdk.debug" value="release"/>
    <property name="surefire.test.class.path" value="D:\Documents\Projects\lanitLab\target\test-classes;D:\Documents\Projects\lanitLab\target\classes;C:\Users\OverLord\.m2\repository\org\apache\maven\plugins\maven-jxr-plugin\3.0.0\maven-jxr-plugin-3.0.0.jar;C:\Users\OverLord\.m2\repository\org\apache\maven\maven-jxr\3.0.0\maven-jxr-3.0.0.jar;C:\Users\OverLord\.m2\repository\org\apache\velocity\velocity\1.5\velocity-1.5.jar;C:\Users\OverLord\.m2\repository\oro\oro\2.0.8\oro-2.0.8.jar;C:\Users\OverLord\.m2\repository\commons-lang\commons-lang\2.6\commons-lang-2.6.jar;C:\Users\OverLord\.m2\repository\org\apache\maven\maven-plugin-api\3.0\maven-plugin-api-3.0.jar;C:\Users\OverLord\.m2\repository\org\sonatype\sisu\sisu-inject-plexus\1.4.2\sisu-inject-plexus-1.4.2.jar;C:\Users\OverLord\.m2\repository\org\sonatype\sisu\sisu-inject-bean\1.4.2\sisu-inject-bean-1.4.2.jar;C:\Users\OverLord\.m2\repository\org\sonatype\sisu\sisu-guice\2.1.7\sisu-guice-2.1.7-noaop.jar;C:\Users\OverLord\.m2\repository\org\apache\maven\maven-artifact\3.0\maven-artifact-3.0.jar;C:\Users\OverLord\.m2\repository\org\apache\maven\maven-core\3.0\maven-core-3.0.jar;C:\Users\OverLord\.m2\repository\org\apache\maven\maven-settings-builder\3.0\maven-settings-builder-3.0.jar;C:\Users\OverLord\.m2\repository\org\apache\maven\maven-repository-metadata\3.0\maven-repository-metadata-3.0.jar;C:\Users\OverLord\.m2\repository\org\apache\maven\maven-model-builder\3.0\maven-model-builder-3.0.jar;C:\Users\OverLord\.m2\repository\org\apache\maven\maven-aether-provider\3.0\maven-aether-provider-3.0.jar;C:\Users\OverLord\.m2\repository\org\sonatype\aether\aether-impl\1.7\aether-impl-1.7.jar;C:\Users\OverLord\.m2\repository\org\sonatype\aether\aether-spi\1.7\aether-spi-1.7.jar;C:\Users\OverLord\.m2\repository\org\sonatype\aether\aether-api\1.7\aether-api-1.7.jar;C:\Users\OverLord\.m2\repository\org\sonatype\aether\aether-util\1.7\aether-util-1.7.jar;C:\Users\OverLord\.m2\repository\org\codehaus\plexus\plexus-interpolation\1.14\plexus-interpolation-1.14.jar;C:\Users\OverLord\.m2\repository\org\codehaus\plexus\plexus-classworlds\2.2.3\plexus-classworlds-2.2.3.jar;C:\Users\OverLord\.m2\repository\org\codehaus\plexus\plexus-component-annotations\1.5.5\plexus-component-annotations-1.5.5.jar;C:\Users\OverLord\.m2\repository\org\sonatype\plexus\plexus-sec-dispatcher\1.3\plexus-sec-dispatcher-1.3.jar;C:\Users\OverLord\.m2\repository\org\sonatype\plexus\plexus-cipher\1.4\plexus-cipher-1.4.jar;C:\Users\OverLord\.m2\repository\org\apache\maven\maven-model\3.0\maven-model-3.0.jar;C:\Users\OverLord\.m2\repository\org\apache\maven\reporting\maven-reporting-impl\3.0.0\maven-reporting-impl-3.0.0.jar;C:\Users\OverLord\.m2\repository\org\apache\maven\shared\maven-shared-utils\3.2.0\maven-shared-utils-3.2.0.jar;C:\Users\OverLord\.m2\repository\org\apache\maven\doxia\doxia-decoration-model\1.7.4\doxia-decoration-model-1.7.4.jar;C:\Users\OverLord\.m2\repository\org\apache\maven\doxia\doxia-core\1.7\doxia-core-1.7.jar;C:\Users\OverLord\.m2\repository\xmlunit\xmlunit\1.5\xmlunit-1.5.jar;C:\Users\OverLord\.m2\repository\org\apache\maven\wagon\wagon-provider-api\1.0\wagon-provider-api-1.0.jar;C:\Users\OverLord\.m2\repository\org\apache\maven\doxia\doxia-site-renderer\1.8\doxia-site-renderer-1.8.jar;C:\Users\OverLord\.m2\repository\org\apache\maven\doxia\doxia-logging-api\1.8\doxia-logging-api-1.8.jar;C:\Users\OverLord\.m2\repository\org\apache\maven\doxia\doxia-skin-model\1.8\doxia-skin-model-1.8.jar;C:\Users\OverLord\.m2\repository\org\apache\maven\doxia\doxia-module-xhtml\1.8\doxia-module-xhtml-1.8.jar;C:\Users\OverLord\.m2\repository\org\codehaus\plexus\plexus-i18n\1.0-beta-7\plexus-i18n-1.0-beta-7.jar;C:\Users\OverLord\.m2\repository\org\codehaus\plexus\plexus-container-default\1.0-alpha-30\plexus-container-default-1.0-alpha-30.jar;C:\Users\OverLord\.m2\repository\org\codehaus\plexus\plexus-velocity\1.2\plexus-velocity-1.2.jar;C:\Users\OverLord\.m2\repository\org\apache\velocity\velocity-tools\2.0\velocity-tools-2.0.jar;C:\Users\OverLord\.m2\repository\commons-beanutils\commons-beanutils\1.7.0\commons-beanutils-1.7.0.jar;C:\Users\OverLord\.m2\repository\commons-digester\commons-digester\1.8\commons-digester-1.8.jar;C:\Users\OverLord\.m2\repository\commons-chain\commons-chain\1.1\commons-chain-1.1.jar;C:\Users\OverLord\.m2\repository\commons-validator\commons-validator\1.3.1\commons-validator-1.3.1.jar;C:\Users\OverLord\.m2\repository\dom4j\dom4j\1.1\dom4j-1.1.jar;C:\Users\OverLord\.m2\repository\sslext\sslext\1.2-0\sslext-1.2-0.jar;C:\Users\OverLord\.m2\repository\org\apache\struts\struts-core\1.3.8\struts-core-1.3.8.jar;C:\Users\OverLord\.m2\repository\antlr\antlr\2.7.2\antlr-2.7.2.jar;C:\Users\OverLord\.m2\repository\org\apache\struts\struts-taglib\1.3.8\struts-taglib-1.3.8.jar;C:\Users\OverLord\.m2\repository\org\apache\struts\struts-tiles\1.3.8\struts-tiles-1.3.8.jar;C:\Users\OverLord\.m2\repository\commons-collections\commons-collections\3.2.1\commons-collections-3.2.1.jar;C:\Users\OverLord\.m2\repository\org\codehaus\plexus\plexus-java\0.9.8\plexus-java-0.9.8.jar;C:\Users\OverLord\.m2\repository\org\ow2\asm\asm\6.1.1\asm-6.1.1.jar;C:\Users\OverLord\.m2\repository\org\codehaus\plexus\plexus-utils\3.1.0\plexus-utils-3.1.0.jar;C:\Users\OverLord\.m2\repository\xml-apis\xml-apis\1.0.b2\xml-apis-1.0.b2.jar;C:\Users\OverLord\.m2\repository\xalan\xalan\2.7.0\xalan-2.7.0.jar;C:\Users\OverLord\.m2\repository\junit\junit\4.12\junit-4.12.jar;C:\Users\OverLord\.m2\repository\org\hamcrest\hamcrest-core\1.3\hamcrest-core-1.3.jar;C:\Users\OverLord\.m2\repository\io\qameta\allure\allure-junit4\2.9.0\allure-junit4-2.9.0.jar;C:\Users\OverLord\.m2\repository\io\qameta\allure\allure-java-commons\2.9.0\allure-java-commons-2.9.0.jar;C:\Users\OverLord\.m2\repository\io\qameta\allure\allure-model\2.9.0\allure-model-2.9.0.jar;C:\Users\OverLord\.m2\repository\com\fasterxml\jackson\core\jackson-databind\2.9.7\jackson-databind-2.9.7.jar;C:\Users\OverLord\.m2\repository\com\fasterxml\jackson\core\jackson-annotations\2.9.0\jackson-annotations-2.9.0.jar;C:\Users\OverLord\.m2\repository\com\fasterxml\jackson\core\jackson-core\2.9.7\jackson-core-2.9.7.jar;C:\Users\OverLord\.m2\repository\org\apache\tika\tika-core\1.19.1\tika-core-1.19.1.jar;C:\Users\OverLord\.m2\repository\org\aspectj\aspectjrt\1.9.1\aspectjrt-1.9.1.jar;C:\Users\OverLord\.m2\repository\org\jooq\joor-java-8\0.9.9\joor-java-8-0.9.9.jar;C:\Users\OverLord\.m2\repository\javax\xml\bind\jaxb-api\2.2.12\jaxb-api-2.2.12.jar;C:\Users\OverLord\.m2\repository\com\sun\xml\bind\jaxb-impl\2.4.0-b180830.0438\jaxb-impl-2.4.0-b180830.0438.jar;C:\Users\OverLord\.m2\repository\org\slf4j\slf4j-api\1.7.5\slf4j-api-1.7.5.jar;C:\Users\OverLord\.m2\repository\org\slf4j\slf4j-log4j12\1.7.5\slf4j-log4j12-1.7.5.jar;C:\Users\OverLord\.m2\repository\log4j\log4j\1.2.17\log4j-1.2.17.jar;C:\Users\OverLord\.m2\repository\org\apache\maven\plugins\maven-javadoc-plugin\3.1.1\maven-javadoc-plugin-3.1.1.jar;C:\Users\OverLord\.m2\repository\org\apache\maven\maven-settings\3.0\maven-settings-3.0.jar;C:\Users\OverLord\.m2\repository\org\apache\maven\reporting\maven-reporting-api\3.0\maven-reporting-api-3.0.jar;C:\Users\OverLord\.m2\repository\org\apache\maven\maven-archiver\3.2.0\maven-archiver-3.2.0.jar;C:\Users\OverLord\.m2\repository\org\apache\maven\shared\maven-invoker\3.0.0\maven-invoker-3.0.0.jar;C:\Users\OverLord\.m2\repository\org\apache\maven\shared\maven-common-artifact-filters\3.0.0\maven-common-artifact-filters-3.0.0.jar;C:\Users\OverLord\.m2\repository\org\apache\maven\shared\maven-artifact-transfer\0.10.1\maven-artifact-transfer-0.10.1.jar;C:\Users\OverLord\.m2\repository\commons-codec\commons-codec\1.11\commons-codec-1.11.jar;C:\Users\OverLord\.m2\repository\org\apache\maven\doxia\doxia-sink-api\1.7\doxia-sink-api-1.7.jar;C:\Users\OverLord\.m2\repository\org\apache\commons\commons-lang3\3.5\commons-lang3-3.5.jar;C:\Users\OverLord\.m2\repository\commons-io\commons-io\2.5\commons-io-2.5.jar;C:\Users\OverLord\.m2\repository\org\apache\httpcomponents\httpclient\4.5.8\httpclient-4.5.8.jar;C:\Users\OverLord\.m2\repository\org\apache\httpcomponents\httpcore\4.4.11\httpcore-4.4.11.jar;C:\Users\OverLord\.m2\repository\commons-logging\commons-logging\1.2\commons-logging-1.2.jar;C:\Users\OverLord\.m2\repository\com\thoughtworks\qdox\qdox\2.0-M10\qdox-2.0-M10.jar;C:\Users\OverLord\.m2\repository\org\codehaus\plexus\plexus-archiver\3.6.0\plexus-archiver-3.6.0.jar;C:\Users\OverLord\.m2\repository\org\apache\commons\commons-compress\1.16.1\commons-compress-1.16.1.jar;C:\Users\OverLord\.m2\repository\org\objenesis\objenesis\2.6\objenesis-2.6.jar;C:\Users\OverLord\.m2\repository\org\iq80\snappy\snappy\0.4\snappy-0.4.jar;C:\Users\OverLord\.m2\repository\org\tukaani\xz\1.8\xz-1.8.jar;C:\Users\OverLord\.m2\repository\org\codehaus\plexus\plexus-io\3.1.1\plexus-io-3.1.1.jar;C:\Users\OverLord\.m2\repository\org\codehaus\plexus\plexus-interactivity-api\1.0-alpha-6\plexus-interactivity-api-1.0-alpha-6.jar;"/>
    <property name="allure.results.directory" value="D:\Documents\Projects\lanitLab\target/allure-results"/>
    <property name="sun.cpu.endian" value="little"/>
    <property name="user.home" value="C:\Users\OverLord"/>
    <property name="user.language" value="ru"/>
    <property name="java.specification.vendor" value="Oracle Corporation"/>
    <property name="java.version.date" value="2019-01-15"/>
    <property name="java.home" value="C:\Program Files\Java\jdk-11.0.2"/>
    <property name="file.separator" value="\"/>
    <property name="basedir" value="D:\Documents\Projects\lanitLab"/>
    <property name="java.vm.compressedOopsMode" value="Zero based"/>
    <property name="line.separator" value="&#10;"/>
    <property name="java.specification.name" value="Java Platform API Specification"/>
    <property name="java.vm.specification.vendor" value="Oracle Corporation"/>
    <property name="java.awt.graphicsenv" value="sun.awt.Win32GraphicsEnvironment"/>
    <property name="surefire.real.class.path" value="C:\Users\OverLord\AppData\Local\Temp\surefire7189741419716679430\surefirebooter9757075785436991727.jar"/>
    <property name="user.script" value=""/>
    <property name="sun.management.compiler" value="HotSpot 64-Bit Tiered Compilers"/>
    <property name="java.runtime.version" value="11.0.2+9-LTS"/>
    <property name="user.name" value="OverLord"/>
    <property name="path.separator" value=";"/>
    <property name="os.version" value="6.1"/>
    <property name="java.runtime.name" value="Java(TM) SE Runtime Environment"/>
    <property name="file.encoding" value="Cp1251"/>
    <property name="java.vm.name" value="Java HotSpot(TM) 64-Bit Server VM"/>
    <property name="java.vendor.version" value="18.9"/>
    <property name="localRepository" value="C:\Users\OverLord\.m2\repository"/>
    <property name="java.vendor.url.bug" value="http://bugreport.java.com/bugreport/"/>
    <property name="java.io.tmpdir" value="C:\Users\OverLord\AppData\Local\Temp\"/>
    <property name="java.version" value="11.0.2"/>
    <property name="user.dir" value="D:\Documents\Projects\lanitLab"/>
    <property name="os.arch" value="amd64"/>
    <property name="java.vm.specification.name" value="Java Virtual Machine Specification"/>
    <property name="java.awt.printerjob" value="sun.awt.windows.WPrinterJob"/>
    <property name="sun.os.patch.level" value="Service Pack 1"/>
    <property name="java.library.path" value="C:\Program Files\Java\jdk-11.0.2\bin;C:\Windows\Sun\Java\bin;C:\Windows\system32;C:\Windows;C:\Program Files\NVIDIA GPU Computing Toolkit\CUDA\v8.0\bin;C:\Program Files\NVIDIA GPU Computing Toolkit\CUDA\v8.0\libnvvp;D:\app\OverLord\product\11.2.0\dbhome_1\bin;D:\D2o1\bin;D:\D2o\bin;D:\OraHome_3\bin;D:\DSH2\jre\1.4.2\bin;D:\DevSuiteHome_1\jre\1.4.2\bin;D:\OraHome_2\bin;D:\OraHome_1\bin;C:\Program Files (x86)\Common Files\Oracle\Java\javapath;C:\ProgramData\Oracle\Java\javapath;C:\Program Files (x86)\Intel\iCLS Client\;C:\Program Files\Intel\iCLS Client\;C:\Windows\system32;C:\Windows;C:\Windows\System32\Wbem;C:\Windows\System32\WindowsPowerShell\v1.0\;C:\Program Files\Microsoft SQL Server\130\Tools\Binn\;C:\Program Files\dotnet\;C:\Program Files (x86)\GtkSharp\2.12\bin;C:\Program Files\ASUS\Bluetooth Software\;C:\Program Files\ASUS\Bluetooth Software\syswow64;C:\Program Files\Intel\Intel(R) Management Engine Components\DAL;C:\Program Files (x86)\Intel\Intel(R) Management Engine Components\DAL;C:\Program Files\Intel\Intel(R) Management Engine Components\IPT;C:\Program Files (x86)\Intel\Intel(R) Management Engine Components\IPT;C:\Program Files\Git\cmd;C:\Program Files\Common Files\Autodesk Shared\;C:\Program Files\NVIDIA Corporation\NVIDIA NvDLISR;C:\Program Files\Microsoft SQL Server\Client SDK\ODBC\170\Tools\Binn\;C:\Program Files\nodejs\;C:\Program Files (x86)\NVIDIA Corporation\PhysX\Common;D:\Users\OverLord\AppData\Local\Programs\Microsoft VS Code\bin;C:\Users\OverLord\AppData\Roaming\npm;C:\Users\OverLord\AppData\Local\GitHubDesktop\bin;."/>
    <property name="idea.version2019.3.2" value="true"/>
    <property name="java.vendor" value="Oracle Corporation"/>
    <property name="java.vm.info" value="mixed mode"/>
    <property name="java.vm.version" value="11.0.2+9-LTS"/>
    <property name="sun.io.unicode.encoding" value="UnicodeLittle"/>
    <property name="java.class.version" value="55.0"/>
  </properties>
  <testcase name="putInException" classname="BagTest" time="0.126"/>
  <testcase name="testToString" classname="BagTest" time="0.002"/>
  <testcase name="testPullOut" classname="BagTest" time="0.002"/>
  <testcase name="pullOut" classname="BagTest" time="0.001"/>
  <testcase name="putIn" classname="BagTest" time="0.002"/>
</testsuite>